/var/spool/slurm//job52526745/slurm_script: line 9: echoStart Qiime2: command not found
Fri Oct 29 14:34:19 EDT 2021
--2021-10-29 14:34:23--  https://data.qiime2.org/2018.8/tutorials/moving-pictures/sample_metadata.tsv
Resolving data.qiime2.org... 54.200.1.12
Connecting to data.qiime2.org|54.200.1.12|:443... connected.
HTTP request sent, awaiting response... 302 FOUND
Location: https://docs.google.com/spreadsheets/d/1bHXutGx07HnYUGE1O4lFn9yItt6BEXQEZn276xqPid0/export?gid=0&format=tsv [following]
--2021-10-29 14:34:23--  https://docs.google.com/spreadsheets/d/1bHXutGx07HnYUGE1O4lFn9yItt6BEXQEZn276xqPid0/export?gid=0&format=tsv
Resolving docs.google.com... 142.251.45.110, 2607:f8b0:4004:83e::200e
Connecting to docs.google.com|142.251.45.110|:443... connected.
HTTP request sent, awaiting response... 307 Temporary Redirect
Location: https://doc-00-6o-sheets.googleusercontent.com/export/70cmver1f290kjsnpar5ku2h9g/9126jrct2rgt3f0njrblq41j7k/1635532460000/103995680502445084602/*/1bHXutGx07HnYUGE1O4lFn9yItt6BEXQEZn276xqPid0?gid=0&format=tsv [following]
Warning: wildcards not supported in HTTP.
--2021-10-29 14:34:23--  https://doc-00-6o-sheets.googleusercontent.com/export/70cmver1f290kjsnpar5ku2h9g/9126jrct2rgt3f0njrblq41j7k/1635532460000/103995680502445084602/*/1bHXutGx07HnYUGE1O4lFn9yItt6BEXQEZn276xqPid0?gid=0&format=tsv
Resolving doc-00-6o-sheets.googleusercontent.com... 172.217.15.65, 2607:f8b0:4004:810::2001
Connecting to doc-00-6o-sheets.googleusercontent.com|172.217.15.65|:443... connected.
HTTP request sent, awaiting response... 200 OK
Length: unspecified [text/tab-separated-values]
Saving to: ‘sample-metadata.tsv’

     0K ...                                                    5.17M=0.001s

2021-10-29 14:34:23 (5.17 MB/s) - ‘sample-metadata.tsv’ saved [3785]

--2021-10-29 14:34:23--  https://data.qiime2.org/2018.8/tutorials/moving-pictures/emp-single-end-sequences/barcodes.fastq.gz
Resolving data.qiime2.org... 54.200.1.12
Connecting to data.qiime2.org|54.200.1.12|:443... connected.
HTTP request sent, awaiting response... 302 FOUND
Location: https://s3-us-west-2.amazonaws.com/qiime2-data/2018.8/tutorials/moving-pictures/emp-single-end-sequences/barcodes.fastq.gz [following]
--2021-10-29 14:34:24--  https://s3-us-west-2.amazonaws.com/qiime2-data/2018.8/tutorials/moving-pictures/emp-single-end-sequences/barcodes.fastq.gz
Resolving s3-us-west-2.amazonaws.com... 52.218.250.32
Connecting to s3-us-west-2.amazonaws.com|52.218.250.32|:443... connected.
HTTP request sent, awaiting response... 200 OK
Length: 3783785 (3.6M) [application/x-gzip]
Saving to: ‘emp-single-end-sequences/barcodes.fastq.gz’

     0K .......... .......... .......... .......... ..........  1%  362K 10s
    50K .......... .......... .......... .......... ..........  2%  367K 10s
   100K .......... .......... .......... .......... ..........  4%  365K 10s
   150K .......... .......... .......... .......... ..........  5%  367K 10s
   200K .......... .......... .......... .......... ..........  6%  456K 9s
   250K .......... .......... .......... .......... ..........  8%  368K 9s
   300K .......... .......... .......... .......... ..........  9%  365K 9s
   350K .......... .......... .......... .......... .......... 10%  359K 9s
   400K .......... .......... .......... .......... .......... 12%  367K 9s
   450K .......... .......... .......... .......... .......... 13%  353K 9s
   500K .......... .......... .......... .......... .......... 14%  307K 9s
   550K .......... .......... .......... .......... .......... 16%  363K 9s
   600K .......... .......... .......... .......... .......... 17%  362K 8s
   650K .......... .......... .......... .......... .......... 18%  361K 8s
   700K .......... .......... .......... .......... .......... 20%  440K 8s
   750K .......... .......... .......... .......... .......... 21%  375K 8s
   800K .......... .......... .......... .......... .......... 23%  368K 8s
   850K .......... .......... .......... .......... .......... 24%  506K 7s
   900K .......... .......... .......... .......... .......... 25%  286K 7s
   950K .......... .......... .......... .......... .......... 27%  503K 7s
  1000K .......... .......... .......... .......... .......... 28%  274K 7s
  1050K .......... .......... .......... .......... .......... 29%  354K 7s
  1100K .......... .......... .......... .......... .......... 31%  253K 7s
  1150K .......... .......... .......... .......... .......... 32%  345K 7s
  1200K .......... .......... .......... .......... .......... 33%  353K 7s
  1250K .......... .......... .......... .......... .......... 35%  304K 7s
  1300K .......... .......... .......... .......... .......... 36%  362K 7s
  1350K .......... .......... .......... .......... .......... 37%  365K 6s
  1400K .......... .......... .......... .......... .......... 39%  422K 6s
  1450K .......... .......... .......... .......... .......... 40%  392K 6s
  1500K .......... .......... .......... .......... .......... 41%  508K 6s
  1550K .......... .......... .......... .......... .......... 43%  431K 6s
  1600K .......... .......... .......... .......... .......... 44%  562K 6s
  1650K .......... .......... .......... .......... .......... 46%  432K 5s
  1700K .......... .......... .......... .......... .......... 47%  727K 5s
  1750K .......... .......... .......... .......... .......... 48%  561K 5s
  1800K .......... .......... .......... .......... .......... 50%  453K 5s
  1850K .......... .......... .......... .......... .......... 51%  301K 5s
  1900K .......... .......... .......... .......... .......... 52%  729K 5s
  1950K .......... .......... .......... .......... .......... 54%  361K 4s
  2000K .......... .......... .......... .......... .......... 55%  710K 4s
  2050K .......... .......... .......... .......... .......... 56%  366K 4s
  2100K .......... .......... .......... .......... .......... 58%  366K 4s
  2150K .......... .......... .......... .......... .......... 59%  713K 4s
  2200K .......... .......... .......... .......... .......... 60%  371K 4s
  2250K .......... .......... .......... .......... .......... 62%  710K 4s
  2300K .......... .......... .......... .......... .......... 63%  368K 3s
  2350K .......... .......... .......... .......... .......... 64%  722K 3s
  2400K .......... .......... .......... .......... .......... 66%  478K 3s
  2450K .......... .......... .......... .......... .......... 67%  484K 3s
  2500K .......... .......... .......... .......... .......... 69%  705K 3s
  2550K .......... .......... .......... .......... .......... 70%  725K 3s
  2600K .......... .......... .......... .......... .......... 71%  500K 3s
  2650K .......... .......... .......... .......... .......... 73%  479K 2s
  2700K .......... .......... .......... .......... .......... 74%  713K 2s
  2750K .......... .......... .......... .......... .......... 75%  722K 2s
  2800K .......... .......... .......... .......... .......... 77%  724K 2s
  2850K .......... .......... .......... .......... .......... 78%  494K 2s
  2900K .......... .......... .......... .......... .......... 79%  673K 2s
  2950K .......... .......... .......... .......... .......... 81%  518K 2s
  3000K .......... .......... .......... .......... .......... 82%  725K 2s
  3050K .......... .......... .......... .......... .......... 83%  733K 1s
  3100K .......... .......... .......... .......... .......... 85%  711K 1s
  3150K .......... .......... .......... .......... .......... 86%  721K 1s
  3200K .......... .......... .......... .......... .......... 87%  725K 1s
  3250K .......... .......... .......... .......... .......... 89%  732K 1s
  3300K .......... .......... .......... .......... .......... 90%  733K 1s
  3350K .......... .......... .......... .......... .......... 92%  731K 1s
  3400K .......... .......... .......... .......... .......... 93%  821K 1s
  3450K .......... .......... .......... .......... .......... 94% 1.08M 0s
  3500K .......... .......... .......... .......... .......... 96%  802K 0s
  3550K .......... .......... .......... .......... .......... 97%  718K 0s
  3600K .......... .......... .......... .......... .......... 98%  719K 0s
  3650K .......... .......... .......... .......... .....     100%  696K=8.0s

2021-10-29 14:34:32 (461 KB/s) - ‘emp-single-end-sequences/barcodes.fastq.gz’ saved [3783785/3783785]

--2021-10-29 14:34:32--  https://data.qiime2.org/2018.8/tutorials/moving-pictures/emp-single-end-sequences/sequences.fastq.gz
Resolving data.qiime2.org... 54.200.1.12
Connecting to data.qiime2.org|54.200.1.12|:443... connected.
HTTP request sent, awaiting response... 302 FOUND
Location: https://s3-us-west-2.amazonaws.com/qiime2-data/2018.8/tutorials/moving-pictures/emp-single-end-sequences/sequences.fastq.gz [following]
--2021-10-29 14:34:32--  https://s3-us-west-2.amazonaws.com/qiime2-data/2018.8/tutorials/moving-pictures/emp-single-end-sequences/sequences.fastq.gz
Resolving s3-us-west-2.amazonaws.com... 52.218.224.136
Connecting to s3-us-west-2.amazonaws.com|52.218.224.136|:443... connected.
HTTP request sent, awaiting response... 200 OK
Length: 25303756 (24M) [binary/octet-stream]
Saving to: ‘emp-single-end-sequences/sequences.fastq.gz’

     0K .......... .......... .......... .......... ..........  0%  382K 65s
    50K .......... .......... .......... .......... ..........  0%  386K 64s
   100K .......... .......... .......... .......... ..........  0%  384K 64s
   150K .......... .......... .......... .......... ..........  0%  385K 64s
   200K .......... .......... .......... .......... ..........  1%  447K 62s
   250K .......... .......... .......... .......... ..........  1%  410K 61s
   300K .......... .......... .......... .......... ..........  1%  383K 62s
   350K .......... .......... .......... .......... ..........  1%  539K 59s
   400K .......... .......... .......... .......... ..........  1%  445K 59s
   450K .......... .......... .......... .......... ..........  2%  414K 59s
   500K .......... .......... .......... .......... ..........  2%  542K 57s
   550K .......... .......... .......... .......... ..........  2%  482K 57s
   600K .......... .......... .......... .......... ..........  2%  545K 55s
   650K .......... .......... .......... .......... ..........  2%  487K 55s
   700K .......... .......... .......... .......... ..........  3%  750K 53s
   750K .......... .......... .......... .......... ..........  3%  543K 53s
   800K .......... .......... .......... .......... ..........  3%  486K 52s
   850K .......... .......... .......... .......... ..........  3%  765K 51s
   900K .......... .......... .......... .......... ..........  3%  757K 50s
   950K .......... .......... .......... .......... ..........  4%  760K 49s
  1000K .......... .......... .......... .......... ..........  4%  511K 49s
  1050K .......... .......... .......... .......... ..........  4%  758K 48s
  1100K .......... .......... .......... .......... ..........  4%  525K 48s
  1150K .......... .......... .......... .......... ..........  4%  760K 47s
  1200K .......... .......... .......... .......... ..........  5%  757K 46s
  1250K .......... .......... .......... .......... ..........  5%  760K 45s
  1300K .......... .......... .......... .......... ..........  5%  762K 45s
  1350K .......... .......... .......... .......... ..........  5%  519K 45s
  1400K .......... .......... .......... .......... ..........  5%  768K 44s
  1450K .......... .......... .......... .......... ..........  6%  758K 43s
  1500K .......... .......... .......... .......... ..........  6%  769K 43s
  1550K .......... .......... .......... .......... ..........  6%  770K 42s
  1600K .......... .......... .......... .......... ..........  6%  768K 42s
  1650K .......... .......... .......... .......... ..........  6%  775K 42s
  1700K .......... .......... .......... .......... ..........  7% 1.49M 41s
  1750K .......... .......... .......... .......... ..........  7%  785K 40s
  1800K .......... .......... .......... .......... ..........  7%  772K 40s
  1850K .......... .......... .......... .......... ..........  7%  770K 40s
  1900K .......... .......... .......... .......... ..........  7%  770K 39s
  1950K .......... .......... .......... .......... ..........  8% 1.32M 39s
  2000K .......... .......... .......... .......... ..........  8%  771K 38s
  2050K .......... .......... .......... .......... ..........  8%  780K 38s
  2100K .......... .......... .......... .......... ..........  8%  785K 38s
  2150K .......... .......... .......... .......... ..........  8% 1.46M 37s
  2200K .......... .......... .......... .......... ..........  9%  778K 37s
  2250K .......... .......... .......... .......... ..........  9%  792K 37s
  2300K .......... .......... .......... .......... ..........  9% 1.31M 36s
  2350K .......... .......... .......... .......... ..........  9%  778K 36s
  2400K .......... .......... .......... .......... ..........  9%  790K 36s
  2450K .......... .......... .......... .......... .......... 10%  780K 35s
  2500K .......... .......... .......... .......... .......... 10% 1.31M 35s
  2550K .......... .......... .......... .......... .......... 10% 1.57M 34s
  2600K .......... .......... .......... .......... .......... 10%  796K 34s
  2650K .......... .......... .......... .......... .......... 10% 1.29M 34s
  2700K .......... .......... .......... .......... .......... 11%  862K 34s
  2750K .......... .......... .......... .......... .......... 11% 1.31M 33s
  2800K .......... .......... .......... .......... .......... 11%  792K 33s
  2850K .......... .......... .......... .......... .......... 11%  792K 33s
  2900K .......... .......... .......... .......... .......... 11% 1.31M 33s
  2950K .......... .......... .......... .......... .......... 12% 1.55M 32s
  3000K .......... .......... .......... .......... .......... 12%  797K 32s
  3050K .......... .......... .......... .......... .......... 12%  787K 32s
  3100K .......... .......... .......... .......... .......... 12% 1.32M 32s
  3150K .......... .......... .......... .......... .......... 12% 1.56M 31s
  3200K .......... .......... .......... .......... .......... 13%  801K 31s
  3250K .......... .......... .......... .......... .......... 13% 1.31M 31s
  3300K .......... .......... .......... .......... .......... 13%  859K 31s
  3350K .......... .......... .......... .......... .......... 13% 1.37M 30s
  3400K .......... .......... .......... .......... .......... 13% 1.36M 30s
  3450K .......... .......... .......... .......... .......... 14% 1.57M 30s
  3500K .......... .......... .......... .......... .......... 14%  801K 30s
  3550K .......... .......... .......... .......... .......... 14% 1.30M 29s
  3600K .......... .......... .......... .......... .......... 14% 1.59M 29s
  3650K .......... .......... .......... .......... .......... 14%  799K 29s
  3700K .......... .......... .......... .......... .......... 15% 1.32M 29s
  3750K .......... .......... .......... .......... .......... 15% 1.60M 28s
  3800K .......... .......... .......... .......... .......... 15%  795K 28s
  3850K .......... .......... .......... .......... .......... 15% 1.34M 28s
  3900K .......... .......... .......... .......... .......... 15% 1.60M 28s
  3950K .......... .......... .......... .......... .......... 16%  799K 28s
  4000K .......... .......... .......... .......... .......... 16% 1.38M 27s
  4050K .......... .......... .......... .......... .......... 16% 1.56M 27s
  4100K .......... .......... .......... .......... .......... 16%  791K 27s
  4150K .......... .......... .......... .......... .......... 16% 1.37M 27s
  4200K .......... .......... .......... .......... .......... 17% 1.57M 27s
  4250K .......... .......... .......... .......... .......... 17% 1.39M 26s
  4300K .......... .......... .......... .......... .......... 17% 1.62M 26s
  4350K .......... .......... .......... .......... .......... 17%  791K 26s
  4400K .......... .......... .......... .......... .......... 18% 1.62M 26s
  4450K .......... .......... .......... .......... .......... 18% 1.36M 26s
  4500K .......... .......... .......... .......... .......... 18%  793K 26s
  4550K .......... .......... .......... .......... .......... 18% 12.8M 25s
  4600K .......... .......... .......... .......... .......... 18%  805K 25s
  4650K .......... .......... .......... .......... .......... 19% 1.37M 25s
  4700K .......... .......... .......... .......... .......... 19% 1.58M 25s
  4750K .......... .......... .......... .......... .......... 19%  799K 25s
  4800K .......... .......... .......... .......... .......... 19% 14.8M 25s
  4850K .......... .......... .......... .......... .......... 19%  799K 25s
  4900K .......... .......... .......... .......... .......... 20% 1.44M 24s
  4950K .......... .......... .......... .......... .......... 20% 1.49M 24s
  5000K .......... .......... .......... .......... .......... 20% 1.36M 24s
  5050K .......... .......... .......... .......... .......... 20% 1.62M 24s
  5100K .......... .......... .......... .......... .......... 20% 1.38M 24s
  5150K .......... .......... .......... .......... .......... 21% 1.63M 23s
  5200K .......... .......... .......... .......... .......... 21%  800K 23s
  5250K .......... .......... .......... .......... .......... 21% 1.59M 23s
  5300K .......... .......... .......... .......... .......... 21% 1.38M 23s
  5350K .......... .......... .......... .......... .......... 21% 1.65M 23s
  5400K .......... .......... .......... .......... .......... 22% 1.34M 23s
  5450K .......... .......... .......... .......... .......... 22% 1.40M 23s
  5500K .......... .......... .......... .......... .......... 22% 1.55M 23s
  5550K .......... .......... .......... .......... .......... 22% 1.34M 22s
  5600K .......... .......... .......... .......... .......... 22% 1.63M 22s
  5650K .......... .......... .......... .......... .......... 23%  817K 22s
  5700K .......... .......... .......... .......... .......... 23% 1.65M 22s
  5750K .......... .......... .......... .......... .......... 23% 1.33M 22s
  5800K .......... .......... .......... .......... .......... 23% 1.69M 22s
  5850K .......... .......... .......... .......... .......... 23% 1.31M 22s
  5900K .......... .......... .......... .......... .......... 24% 1.58M 21s
  5950K .......... .......... .......... .......... .......... 24% 1.48M 21s
  6000K .......... .......... .......... .......... .......... 24% 1.64M 21s
  6050K .......... .......... .......... .......... .......... 24% 1.33M 21s
  6100K .......... .......... .......... .......... .......... 24% 1.71M 21s
  6150K .......... .......... .......... .......... .......... 25% 1.32M 21s
  6200K .......... .......... .......... .......... .......... 25% 1.62M 21s
  6250K .......... .......... .......... .......... .......... 25% 1.38M 21s
  6300K .......... .......... .......... .......... .......... 25% 1.40M 20s
  6350K .......... .......... .......... .......... .......... 25% 1.62M 20s
  6400K .......... .......... .......... .......... .......... 26% 1.41M 20s
  6450K .......... .......... .......... .......... .......... 26% 1.61M 20s
  6500K .......... .......... .......... .......... .......... 26% 1.31M 20s
  6550K .......... .......... .......... .......... .......... 26% 1.70M 20s
  6600K .......... .......... .......... .......... .......... 26%  827K 20s
  6650K .......... .......... .......... .......... .......... 27% 10.5M 20s
  6700K .......... .......... .......... .......... .......... 27%  817K 20s
  6750K .......... .......... .......... .......... .......... 27% 12.5M 19s
  6800K .......... .......... .......... .......... .......... 27% 1.71M 19s
  6850K .......... .......... .......... .......... .......... 27% 1.36M 19s
  6900K .......... .......... .......... .......... .......... 28% 1.71M 19s
  6950K .......... .......... .......... .......... .......... 28% 1.34M 19s
  7000K .......... .......... .......... .......... .......... 28% 1.72M 19s
  7050K .......... .......... .......... .......... .......... 28% 1.34M 19s
  7100K .......... .......... .......... .......... .......... 28% 1.70M 19s
  7150K .......... .......... .......... .......... .......... 29% 1.38M 19s
  7200K .......... .......... .......... .......... .......... 29% 1.65M 18s
  7250K .......... .......... .......... .......... .......... 29% 1.39M 18s
  7300K .......... .......... .......... .......... .......... 29% 1.65M 18s
  7350K .......... .......... .......... .......... .......... 29% 1.39M 18s
  7400K .......... .......... .......... .......... .......... 30% 1.64M 18s
  7450K .......... .......... .......... .......... .......... 30% 1.39M 18s
  7500K .......... .......... .......... .......... .......... 30% 1.64M 18s
  7550K .......... .......... .......... .......... .......... 30% 1.39M 18s
  7600K .......... .......... .......... .......... .......... 30% 1.68M 18s
  7650K .......... .......... .......... .......... .......... 31% 1.40M 18s
  7700K .......... .......... .......... .......... .......... 31% 14.4M 17s
  7750K .......... .......... .......... .......... .......... 31% 1.42M 17s
  7800K .......... .......... .......... .......... .......... 31% 1.62M 17s
  7850K .......... .......... .......... .......... .......... 31% 1.67M 17s
  7900K .......... .......... .......... .......... .......... 32% 1.43M 17s
  7950K .......... .......... .......... .......... .......... 32% 1.64M 17s
  8000K .......... .......... .......... .......... .......... 32% 1.38M 17s
  8050K .......... .......... .......... .......... .......... 32% 1.69M 17s
  8100K .......... .......... .......... .......... .......... 32% 1.42M 17s
  8150K .......... .......... .......... .......... .......... 33% 11.2M 17s
  8200K .......... .......... .......... .......... .......... 33% 1.45M 16s
  8250K .......... .......... .......... .......... .......... 33% 1.65M 16s
  8300K .......... .......... .......... .......... .......... 33% 1.66M 16s
  8350K .......... .......... .......... .......... .......... 33% 1.43M 16s
  8400K .......... .......... .......... .......... .......... 34% 1.65M 16s
  8450K .......... .......... .......... .......... .......... 34% 1.42M 16s
  8500K .......... .......... .......... .......... .......... 34% 17.6M 16s
  8550K .......... .......... .......... .......... .......... 34% 1.67M 16s
  8600K .......... .......... .......... .......... .......... 35% 1.45M 16s
  8650K .......... .......... .......... .......... .......... 35% 14.4M 16s
  8700K .......... .......... .......... .......... .......... 35% 1.65M 16s
  8750K .......... .......... .......... .......... .......... 35% 1.43M 15s
  8800K .......... .......... .......... .......... .......... 35% 1.70M 15s
  8850K .......... .......... .......... .......... .......... 36% 6.10M 15s
  8900K .......... .......... .......... .......... .......... 36% 1.68M 15s
  8950K .......... .......... .......... .......... .......... 36% 1.70M 15s
  9000K .......... .......... .......... .......... .......... 36% 1.46M 15s
  9050K .......... .......... .......... .......... .......... 36% 12.9M 15s
  9100K .......... .......... .......... .......... .......... 37% 1.67M 15s
  9150K .......... .......... .......... .......... .......... 37% 1.44M 15s
  9200K .......... .......... .......... .......... .......... 37% 19.1M 15s
  9250K .......... .......... .......... .......... .......... 37% 1.70M 15s
  9300K .......... .......... .......... .......... .......... 37% 1.44M 14s
  9350K .......... .......... .......... .......... .......... 38% 23.4M 14s
  9400K .......... .......... .......... .......... .......... 38% 1.62M 14s
  9450K .......... .......... .......... .......... .......... 38% 1.49M 14s
  9500K .......... .......... .......... .......... .......... 38% 23.6M 14s
  9550K .......... .......... .......... .......... .......... 38% 1.62M 14s
  9600K .......... .......... .......... .......... .......... 39% 1.56M 14s
  9650K .......... .......... .......... .......... .......... 39% 13.6M 14s
  9700K .......... .......... .......... .......... .......... 39% 1.62M 14s
  9750K .......... .......... .......... .......... .......... 39% 1.56M 14s
  9800K .......... .......... .......... .......... .......... 39% 14.6M 14s
  9850K .......... .......... .......... .......... .......... 40% 1.69M 14s
  9900K .......... .......... .......... .......... .......... 40% 7.03M 13s
  9950K .......... .......... .......... .......... .......... 40% 1.66M 13s
 10000K .......... .......... .......... .......... .......... 40% 1.77M 13s
 10050K .......... .......... .......... .......... .......... 40% 11.7M 13s
 10100K .......... .......... .......... .......... .......... 41% 1.50M 13s
 10150K .......... .......... .......... .......... .......... 41% 22.7M 13s
 10200K .......... .......... .......... .......... .......... 41% 1.66M 13s
 10250K .......... .......... .......... .......... .......... 41% 9.44M 13s
 10300K .......... .......... .......... .......... .......... 41% 1.67M 13s
 10350K .......... .......... .......... .......... .......... 42% 22.8M 13s
 10400K .......... .......... .......... .......... .......... 42% 1.64M 13s
 10450K .......... .......... .......... .......... .......... 42% 1.47M 13s
 10500K .......... .......... .......... .......... .......... 42% 1.61M 12s
 10550K .......... .......... .......... .......... .......... 42% 19.3M 12s
 10600K .......... .......... .......... .......... .......... 43% 1.61M 12s
 10650K .......... .......... .......... .......... .......... 43% 15.0M 12s
 10700K .......... .......... .......... .......... .......... 43% 1.61M 12s
 10750K .......... .......... .......... .......... .......... 43% 1.52M 12s
 10800K .......... .......... .......... .......... .......... 43% 1.54M 12s
 10850K .......... .......... .......... .......... .......... 44% 22.9M 12s
 10900K .......... .......... .......... .......... .......... 44% 21.5M 12s
 10950K .......... .......... .......... .......... .......... 44% 1.55M 12s
 11000K .......... .......... .......... .......... .......... 44% 1.61M 12s
 11050K .......... .......... .......... .......... .......... 44% 24.2M 12s
 11100K .......... .......... .......... .......... .......... 45% 1.64M 12s
 11150K .......... .......... .......... .......... .......... 45% 1.54M 12s
 11200K .......... .......... .......... .......... .......... 45% 19.5M 11s
 11250K .......... .......... .......... .......... .......... 45% 23.1M 11s
 11300K .......... .......... .......... .......... .......... 45% 1.56M 11s
 11350K .......... .......... .......... .......... .......... 46% 1.59M 11s
 11400K .......... .......... .......... .......... .......... 46% 18.4M 11s
 11450K .......... .......... .......... .......... .......... 46% 1.56M 11s
 11500K .......... .......... .......... .......... .......... 46% 1.63M 11s
 11550K .......... .......... .......... .......... .......... 46% 18.5M 11s
 11600K .......... .......... .......... .......... .......... 47% 1.45M 11s
 11650K .......... .......... .......... .......... .......... 47% 1.62M 11s
 11700K .......... .......... .......... .......... .......... 47% 1.56M 11s
 11750K .......... .......... .......... .......... .......... 47% 1.50M 11s
 11800K .......... .......... .......... .......... .......... 47% 14.9M 11s
 11850K .......... .......... .......... .......... .......... 48%  841K 11s
 11900K .......... .......... .......... .......... .......... 48% 13.2M 11s
 11950K .......... .......... .......... .......... .......... 48% 16.5M 10s
 12000K .......... .......... .......... .......... .......... 48%  835K 10s
 12050K .......... .......... .......... .......... .......... 48% 14.3M 10s
 12100K .......... .......... .......... .......... .......... 49% 1.51M 10s
 12150K .......... .......... .......... .......... .......... 49% 1.56M 10s
 12200K .......... .......... .......... .......... .......... 49% 17.3M 10s
 12250K .......... .......... .......... .......... .......... 49%  868K 10s
 12300K .......... .......... .......... .......... .......... 49% 8.19M 10s
 12350K .......... .......... .......... .......... .......... 50% 20.6M 10s
 12400K .......... .......... .......... .......... .......... 50%  821K 10s
 12450K .......... .......... .......... .......... .......... 50% 18.4M 10s
 12500K .......... .......... .......... .......... .......... 50% 1.56M 10s
 12550K .......... .......... .......... .......... .......... 50% 1.54M 10s
 12600K .......... .......... .......... .......... .......... 51% 17.9M 10s
 12650K .......... .......... .......... .......... .......... 51%  870K 10s
 12700K .......... .......... .......... .......... .......... 51% 8.37M 10s
 12750K .......... .......... .......... .......... .......... 51% 20.1M 10s
 12800K .......... .......... .......... .......... .......... 52% 1.61M 10s
 12850K .......... .......... .......... .......... .......... 52% 1.49M 9s
 12900K .......... .......... .......... .......... .......... 52% 18.7M 9s
 12950K .......... .......... .......... .......... .......... 52%  882K 9s
 13000K .......... .......... .......... .......... .......... 52% 8.37M 9s
 13050K .......... .......... .......... .......... .......... 53% 16.2M 9s
 13100K .......... .......... .......... .......... .......... 53%  845K 9s
 13150K .......... .......... .......... .......... .......... 53% 12.6M 9s
 13200K .......... .......... .......... .......... .......... 53% 20.6M 9s
 13250K .......... .......... .......... .......... .......... 53%  839K 9s
 13300K .......... .......... .......... .......... .......... 54% 14.6M 9s
 13350K .......... .......... .......... .......... .......... 54% 1.66M 9s
 13400K .......... .......... .......... .......... .......... 54% 1.50M 9s
 13450K .......... .......... .......... .......... .......... 54% 12.7M 9s
 13500K .......... .......... .......... .......... .......... 54% 1.62M 9s
 13550K .......... .......... .......... .......... .......... 55% 1.57M 9s
 13600K .......... .......... .......... .......... .......... 55% 10.9M 9s
 13650K .......... .......... .......... .......... .......... 55% 25.2M 9s
 13700K .......... .......... .......... .......... .......... 55%  848K 9s
 13750K .......... .......... .......... .......... .......... 55% 12.7M 8s
 13800K .......... .......... .......... .......... .......... 56% 22.0M 8s
 13850K .......... .......... .......... .......... .......... 56%  848K 8s
 13900K .......... .......... .......... .......... .......... 56% 12.7M 8s
 13950K .......... .......... .......... .......... .......... 56% 22.1M 8s
 14000K .......... .......... .......... .......... .......... 56%  848K 8s
 14050K .......... .......... .......... .......... .......... 57% 13.9M 8s
 14100K .......... .......... .......... .......... .......... 57% 21.5M 8s
 14150K .......... .......... .......... .......... .......... 57%  850K 8s
 14200K .......... .......... .......... .......... .......... 57% 1.51M 8s
 14250K .......... .......... .......... .......... .......... 57% 22.7M 8s
 14300K .......... .......... .......... .......... .......... 58% 1.60M 8s
 14350K .......... .......... .......... .......... .......... 58% 1.52M 8s
 14400K .......... .......... .......... .......... .......... 58% 22.2M 8s
 14450K .......... .......... .......... .......... .......... 58% 23.0M 8s
 14500K .......... .......... .......... .......... .......... 58%  825K 8s
 14550K .......... .......... .......... .......... .......... 59% 21.6M 8s
 14600K .......... .......... .......... .......... .......... 59% 22.9M 8s
 14650K .......... .......... .......... .......... .......... 59%  825K 8s
 14700K .......... .......... .......... .......... .......... 59% 22.1M 8s
 14750K .......... .......... .......... .......... .......... 59% 19.5M 7s
 14800K .......... .......... .......... .......... .......... 60%  790K 7s
 14850K .......... .......... .......... .......... .......... 60% 21.8M 7s
 14900K .......... .......... .......... .......... .......... 60% 27.1M 7s
 14950K .......... .......... .......... .......... .......... 60% 1.88M 7s
 15000K .......... .......... .......... .......... .......... 60% 1.34M 7s
 15050K .......... .......... .......... .......... .......... 61% 23.1M 7s
 15100K .......... .......... .......... .......... .......... 61% 1.85M 7s
 15150K .......... .......... .......... .......... .......... 61% 1.35M 7s
 15200K .......... .......... .......... .......... .......... 61% 21.3M 7s
 15250K .......... .......... .......... .......... .......... 61% 1.95M 7s
 15300K .......... .......... .......... .......... .......... 62% 1.32M 7s
 15350K .......... .......... .......... .......... .......... 62% 17.5M 7s
 15400K .......... .......... .......... .......... .......... 62% 23.2M 7s
 15450K .......... .......... .......... .......... .......... 62% 1.83M 7s
 15500K .......... .......... .......... .......... .......... 62% 1.37M 7s
 15550K .......... .......... .......... .......... .......... 63% 22.2M 7s
 15600K .......... .......... .......... .......... .......... 63% 1.89M 7s
 15650K .......... .......... .......... .......... .......... 63% 1.33M 7s
 15700K .......... .......... .......... .......... .......... 63% 22.1M 7s
 15750K .......... .......... .......... .......... .......... 63% 1.91M 7s
 15800K .......... .......... .......... .......... .......... 64% 1.34M 6s
 15850K .......... .......... .......... .......... .......... 64% 21.8M 6s
 15900K .......... .......... .......... .......... .......... 64% 2.09M 6s
 15950K .......... .......... .......... .......... .......... 64% 1.29M 6s
 16000K .......... .......... .......... .......... .......... 64% 16.2M 6s
 16050K .......... .......... .......... .......... .......... 65% 21.5M 6s
 16100K .......... .......... .......... .......... .......... 65%  837K 6s
 16150K .......... .......... .......... .......... .......... 65% 19.6M 6s
 16200K .......... .......... .......... .......... .......... 65% 21.0M 6s
 16250K .......... .......... .......... .......... .......... 65% 2.15M 6s
 16300K .......... .......... .......... .......... .......... 66% 1.23M 6s
 16350K .......... .......... .......... .......... .......... 66% 20.6M 6s
 16400K .......... .......... .......... .......... .......... 66% 22.1M 6s
 16450K .......... .......... .......... .......... .......... 66%  850K 6s
 16500K .......... .......... .......... .......... .......... 66% 15.5M 6s
 16550K .......... .......... .......... .......... .......... 67% 20.6M 6s
 16600K .......... .......... .......... .......... .......... 67% 1.98M 6s
 16650K .......... .......... .......... .......... .......... 67% 1.32M 6s
 16700K .......... .......... .......... .......... .......... 67% 19.7M 6s
 16750K .......... .......... .......... .......... .......... 67% 2.12M 6s
 16800K .......... .......... .......... .......... .......... 68% 1.24M 6s
 16850K .......... .......... .......... .......... .......... 68% 20.7M 6s
 16900K .......... .......... .......... .......... .......... 68% 21.1M 5s
 16950K .......... .......... .......... .......... .......... 68%  859K 5s
 17000K .......... .......... .......... .......... .......... 68% 14.2M 5s
 17050K .......... .......... .......... .......... .......... 69% 21.2M 5s
 17100K .......... .......... .......... .......... .......... 69% 1.96M 5s
 17150K .......... .......... .......... .......... .......... 69% 1.32M 5s
 17200K .......... .......... .......... .......... .......... 69% 21.7M 5s
 17250K .......... .......... .......... .......... .......... 70% 20.8M 5s
 17300K .......... .......... .......... .......... .......... 70%  858K 5s
 17350K .......... .......... .......... .......... .......... 70% 13.6M 5s
 17400K .......... .......... .......... .......... .......... 70% 19.8M 5s
 17450K .......... .......... .......... .......... .......... 70% 1.98M 5s
 17500K .......... .......... .......... .......... .......... 71% 1.32M 5s
 17550K .......... .......... .......... .......... .......... 71% 21.5M 5s
 17600K .......... .......... .......... .......... .......... 71% 1.95M 5s
 17650K .......... .......... .......... .......... .......... 71% 1.32M 5s
 17700K .......... .......... .......... .......... .......... 71% 21.3M 5s
 17750K .......... .......... .......... .......... .......... 72% 20.8M 5s
 17800K .......... .......... .......... .......... .......... 72%  863K 5s
 17850K .......... .......... .......... .......... .......... 72% 12.9M 5s
 17900K .......... .......... .......... .......... .......... 72% 24.3M 5s
 17950K .......... .......... .......... .......... .......... 72% 2.19M 5s
 18000K .......... .......... .......... .......... .......... 73% 1.23M 5s
 18050K .......... .......... .......... .......... .......... 73% 20.9M 5s
 18100K .......... .......... .......... .......... .......... 73% 21.0M 5s
 18150K .......... .......... .......... .......... .......... 73%  864K 4s
 18200K .......... .......... .......... .......... .......... 73% 12.1M 4s
 18250K .......... .......... .......... .......... .......... 74% 20.7M 4s
 18300K .......... .......... .......... .......... .......... 74% 2.03M 4s
 18350K .......... .......... .......... .......... .......... 74% 1.32M 4s
 18400K .......... .......... .......... .......... .......... 74% 16.6M 4s
 18450K .......... .......... .......... .......... .......... 74% 2.22M 4s
 18500K .......... .......... .......... .......... .......... 75% 1.30M 4s
 18550K .......... .......... .......... .......... .......... 75% 10.5M 4s
 18600K .......... .......... .......... .......... .......... 75% 19.5M 4s
 18650K .......... .......... .......... .......... .......... 75% 2.03M 4s
 18700K .......... .......... .......... .......... .......... 75% 1.32M 4s
 18750K .......... .......... .......... .......... .......... 76% 17.9M 4s
 18800K .......... .......... .......... .......... .......... 76% 22.0M 4s
 18850K .......... .......... .......... .......... .......... 76%  877K 4s
 18900K .......... .......... .......... .......... .......... 76% 11.4M 4s
 18950K .......... .......... .......... .......... .......... 76% 19.0M 4s
 19000K .......... .......... .......... .......... .......... 77% 2.05M 4s
 19050K .......... .......... .......... .......... .......... 77% 1.31M 4s
 19100K .......... .......... .......... .......... .......... 77% 14.9M 4s
 19150K .......... .......... .......... .......... .......... 77% 2.28M 4s
 19200K .......... .......... .......... .......... .......... 77% 1.31M 4s
 19250K .......... .......... .......... .......... .......... 78% 10.3M 4s
 19300K .......... .......... .......... .......... .......... 78% 16.7M 4s
 19350K .......... .......... .......... .......... .......... 78% 2.00M 4s
 19400K .......... .......... .......... .......... .......... 78% 1.33M 4s
 19450K .......... .......... .......... .......... .......... 78% 15.7M 3s
 19500K .......... .......... .......... .......... .......... 79% 2.10M 3s
 19550K .......... .......... .......... .......... .......... 79% 1.38M 3s
 19600K .......... .......... .......... .......... .......... 79% 11.1M 3s
 19650K .......... .......... .......... .......... .......... 79% 19.4M 3s
 19700K .......... .......... .......... .......... .......... 79% 2.09M 3s
 19750K .......... .......... .......... .......... .......... 80% 1.30M 3s
 19800K .......... .......... .......... .......... .......... 80% 14.5M 3s
 19850K .......... .......... .......... .......... .......... 80% 2.27M 3s
 19900K .......... .......... .......... .......... .......... 80% 1.32M 3s
 19950K .......... .......... .......... .......... .......... 80% 9.16M 3s
 20000K .......... .......... .......... .......... .......... 81% 20.8M 3s
 20050K .......... .......... .......... .......... .......... 81% 1.99M 3s
 20100K .......... .......... .......... .......... .......... 81% 1.35M 3s
 20150K .......... .......... .......... .......... .......... 81% 14.1M 3s
 20200K .......... .......... .......... .......... .......... 81% 2.13M 3s
 20250K .......... .......... .......... .......... .......... 82% 1.38M 3s
 20300K .......... .......... .......... .......... .......... 82% 8.69M 3s
 20350K .......... .......... .......... .......... .......... 82% 21.5M 3s
 20400K .......... .......... .......... .......... .......... 82% 2.17M 3s
 20450K .......... .......... .......... .......... .......... 82% 1.30M 3s
 20500K .......... .......... .......... .......... .......... 83% 13.3M 3s
 20550K .......... .......... .......... .......... .......... 83% 2.32M 3s
 20600K .......... .......... .......... .......... .......... 83% 1.32M 3s
 20650K .......... .......... .......... .......... .......... 83% 8.51M 3s
 20700K .......... .......... .......... .......... .......... 83% 17.2M 3s
 20750K .......... .......... .......... .......... .......... 84% 2.00M 3s
 20800K .......... .......... .......... .......... .......... 84% 1.35M 2s
 20850K .......... .......... .......... .......... .......... 84% 14.4M 2s
 20900K .......... .......... .......... .......... .......... 84% 2.13M 2s
 20950K .......... .......... .......... .......... .......... 84% 1.40M 2s
 21000K .......... .......... .......... .......... .......... 85% 8.51M 2s
 21050K .......... .......... .......... .......... .......... 85% 20.5M 2s
 21100K .......... .......... .......... .......... .......... 85%  889K 2s
 21150K .......... .......... .......... .......... .......... 85% 9.32M 2s
 21200K .......... .......... .......... .......... .......... 85% 18.6M 2s
 21250K .......... .......... .......... .......... .......... 86% 2.33M 2s
 21300K .......... .......... .......... .......... .......... 86% 1.31M 2s
 21350K .......... .......... .......... .......... .......... 86% 9.34M 2s
 21400K .......... .......... .......... .......... .......... 86% 17.3M 2s
 21450K .......... .......... .......... .......... .......... 87% 1.99M 2s
 21500K .......... .......... .......... .......... .......... 87% 1.35M 2s
 21550K .......... .......... .......... .......... .......... 87% 13.6M 2s
 21600K .......... .......... .......... .......... .......... 87% 2.12M 2s
 21650K .......... .......... .......... .......... .......... 87% 1.38M 2s
 21700K .......... .......... .......... .......... .......... 88% 9.87M 2s
 21750K .......... .......... .......... .......... .......... 88% 17.6M 2s
 21800K .......... .......... .......... .......... .......... 88%  895K 2s
 21850K .......... .......... .......... .......... .......... 88% 9.43M 2s
 21900K .......... .......... .......... .......... .......... 88% 18.4M 2s
 21950K .......... .......... .......... .......... .......... 89% 2.12M 2s
 22000K .......... .......... .......... .......... .......... 89% 1.29M 2s
 22050K .......... .......... .......... .......... .......... 89% 15.8M 2s
 22100K .......... .......... .......... .......... .......... 89% 14.8M 2s
 22150K .......... .......... .......... .......... .......... 89% 2.24M 2s
 22200K .......... .......... .......... .......... .......... 90% 1.29M 2s
 22250K .......... .......... .......... .......... .......... 90% 13.8M 2s
 22300K .......... .......... .......... .......... .......... 90% 2.13M 1s
 22350K .......... .......... .......... .......... .......... 90% 1.39M 1s
 22400K .......... .......... .......... .......... .......... 90% 8.91M 1s
 22450K .......... .......... .......... .......... .......... 91% 14.9M 1s
 22500K .......... .......... .......... .......... .......... 91%  896K 1s
 22550K .......... .......... .......... .......... .......... 91% 11.0M 1s
 22600K .......... .......... .......... .......... .......... 91% 18.5M 1s
 22650K .......... .......... .......... .......... .......... 91% 2.12M 1s
 22700K .......... .......... .......... .......... .......... 92% 1.28M 1s
 22750K .......... .......... .......... .......... .......... 92% 17.4M 1s
 22800K .......... .......... .......... .......... .......... 92% 13.8M 1s
 22850K .......... .......... .......... .......... .......... 92%  902K 1s
 22900K .......... .......... .......... .......... .......... 92% 10.5M 1s
 22950K .......... .......... .......... .......... .......... 93% 15.7M 1s
 23000K .......... .......... .......... .......... .......... 93% 2.13M 1s
 23050K .......... .......... .......... .......... .......... 93% 1.36M 1s
 23100K .......... .......... .......... .......... .......... 93% 9.93M 1s
 23150K .......... .......... .......... .......... .......... 93% 18.3M 1s
 23200K .......... .......... .......... .......... .......... 94%  888K 1s
 23250K .......... .......... .......... .......... .......... 94% 10.6M 1s
 23300K .......... .......... .......... .......... .......... 94% 16.0M 1s
 23350K .......... .......... .......... .......... .......... 94% 2.16M 1s
 23400K .......... .......... .......... .......... .......... 94% 1.29M 1s
 23450K .......... .......... .......... .......... .......... 95% 13.9M 1s
 23500K .......... .......... .......... .......... .......... 95% 19.3M 1s
 23550K .......... .......... .......... .......... .......... 95%  897K 1s
 23600K .......... .......... .......... .......... .......... 95% 10.1M 1s
 23650K .......... .......... .......... .......... .......... 95% 14.4M 1s
 23700K .......... .......... .......... .......... .......... 96% 2.05M 1s
 23750K .......... .......... .......... .......... .......... 96% 1.34M 1s
 23800K .......... .......... .......... .......... .......... 96% 14.4M 1s
 23850K .......... .......... .......... .......... .......... 96% 18.2M 0s
 23900K .......... .......... .......... .......... .......... 96%  895K 0s
 23950K .......... .......... .......... .......... .......... 97% 10.2M 0s
 24000K .......... .......... .......... .......... .......... 97% 16.5M 0s
 24050K .......... .......... .......... .......... .......... 97% 2.16M 0s
 24100K .......... .......... .......... .......... .......... 97% 1.34M 0s
 24150K .......... .......... .......... .......... .......... 97% 10.7M 0s
 24200K .......... .......... .......... .......... .......... 98% 15.9M 0s
 24250K .......... .......... .......... .......... .......... 98%  901K 0s
 24300K .......... .......... .......... .......... .......... 98% 10.4M 0s
 24350K .......... .......... .......... .......... .......... 98% 16.1M 0s
 24400K .......... .......... .......... .......... .......... 98% 2.17M 0s
 24450K .......... .......... .......... .......... .......... 99% 1.34M 0s
 24500K .......... .......... .......... .......... .......... 99% 10.4M 0s
 24550K .......... .......... .......... .......... .......... 99% 15.9M 0s
 24600K .......... .......... .......... .......... .......... 99%  898K 0s
 24650K .......... .......... .......... .......... .......... 99% 12.2M 0s
 24700K ..........                                            100% 21.0M=15s

2021-10-29 14:34:48 (1.62 MB/s) - ‘emp-single-end-sequences/sequences.fastq.gz’ saved [25303756/25303756]

Imported emp-single-end-sequences as EMPSingleEndDirFmt to emp-single-end-sequences.qza
Saved SampleData[SequencesWithQuality] to: demux.qza
Saved Visualization to: demux.qzv
Saved FeatureTable[Frequency] to: table-dada2.qza
Saved FeatureData[Sequence] to: rep-seqs-dada2.qza
Saved SampleData[DADA2Stats] to: stats-dada2.qza
Saved Visualization to: stats-dada2.qzv
Saved Visualization to: table.qzv
Saved Visualization to: rep-seqs.qzv
Saved FeatureData[AlignedSequence] to: aligned-rep-seqs.qza
Saved FeatureData[AlignedSequence] to: masked-aligned-rep-seqs.qza
Saved Phylogeny[Unrooted] to: unrooted-tree.qza
Saved Phylogeny[Rooted] to: rooted-tree.qza
Saved FeatureTable[Frequency] to: core-metrics-results/rarefied_table.qza
Saved SampleData[AlphaDiversity] % Properties(['phylogenetic']) to: core-metrics-results/faith_pd_vector.qza
Saved SampleData[AlphaDiversity] to: core-metrics-results/observed_otus_vector.qza
Saved SampleData[AlphaDiversity] to: core-metrics-results/shannon_vector.qza
Saved SampleData[AlphaDiversity] to: core-metrics-results/evenness_vector.qza
Saved DistanceMatrix % Properties(['phylogenetic']) to: core-metrics-results/unweighted_unifrac_distance_matrix.qza
Saved DistanceMatrix % Properties(['phylogenetic']) to: core-metrics-results/weighted_unifrac_distance_matrix.qza
Saved DistanceMatrix to: core-metrics-results/jaccard_distance_matrix.qza
Saved DistanceMatrix to: core-metrics-results/bray_curtis_distance_matrix.qza
Saved PCoAResults to: core-metrics-results/unweighted_unifrac_pcoa_results.qza
Saved PCoAResults to: core-metrics-results/weighted_unifrac_pcoa_results.qza
Saved PCoAResults to: core-metrics-results/jaccard_pcoa_results.qza
Saved PCoAResults to: core-metrics-results/bray_curtis_pcoa_results.qza
Saved Visualization to: core-metrics-results/unweighted_unifrac_emperor.qzv
Saved Visualization to: core-metrics-results/weighted_unifrac_emperor.qzv
Saved Visualization to: core-metrics-results/jaccard_emperor.qzv
Saved Visualization to: core-metrics-results/bray_curtis_emperor.qzv
Saved Visualization to: core-metrics-results/faith-pd-group-significance.qzv
Saved Visualization to: core-metrics-results/evenness-group-significance.qzv
Saved Visualization to: core-metrics-results/unweighted-unifrac-body-site-significance.qzv
Saved Visualization to: core-metrics-results/unweighted-unifrac-subject-group-significance.qzv
Saved Visualization to: core-metrics-results/unweighted-unifrac-emperor-DaysSinceExperimentStart.qzv
Saved Visualization to: core-metrics-results/bray-curtis-emperor-DaysSinceExperimentStart.qzv
Saved Visualization to: alpha-rarefaction.qzv
--2021-10-29 14:44:08--  https://data.qiime2.org/2018.8/common/gg-13-8-99-515-806-nb-classifier.qza
Resolving data.qiime2.org... 54.200.1.12
Connecting to data.qiime2.org|54.200.1.12|:443... connected.
HTTP request sent, awaiting response... 302 FOUND
Location: https://s3-us-west-2.amazonaws.com/qiime2-data/2018.8/common/gg-13-8-99-515-806-nb-classifier.qza [following]
--2021-10-29 14:44:09--  https://s3-us-west-2.amazonaws.com/qiime2-data/2018.8/common/gg-13-8-99-515-806-nb-classifier.qza
Resolving s3-us-west-2.amazonaws.com... 3.5.87.127
Connecting to s3-us-west-2.amazonaws.com|3.5.87.127|:443... connected.
HTTP request sent, awaiting response... 200 OK
Length: 28371469 (27M) [binary/octet-stream]
Saving to: ‘gg-13-8-99-515-806-nb-classifier.qza’

     0K .......... .......... .......... .......... ..........  0%  382K 72s
    50K .......... .......... .......... .......... ..........  0%  759K 54s
   100K .......... .......... .......... .......... ..........  0%  386K 60s
   150K .......... .......... .......... .......... ..........  0%  758K 54s
   200K .......... .......... .......... .......... ..........  0%  768K 50s
   250K .......... .......... .......... .......... ..........  1%  762K 48s
   300K .......... .......... .......... .......... ..........  1%  475K 49s
   350K .......... .......... .......... .......... ..........  1%  564K 49s
   400K .......... .......... .......... .......... ..........  1%  769K 47s
   450K .......... .......... .......... .......... ..........  1%  769K 46s
   500K .......... .......... .......... .......... ..........  1% 17.8M 42s
   550K .......... .......... .......... .......... ..........  2%  768K 41s
   600K .......... .......... .......... .......... ..........  2%  768K 41s
   650K .......... .......... .......... .......... ..........  2%  779K 40s
   700K .......... .......... .......... .......... ..........  2% 24.9M 38s
   750K .......... .......... .......... .......... ..........  2%  772K 37s
   800K .......... .......... .......... .......... ..........  3%  776K 37s
   850K .......... .......... .......... .......... ..........  3%  783K 37s
   900K .......... .......... .......... .......... ..........  3% 18.0M 35s
   950K .......... .......... .......... .......... ..........  3%  776K 35s
  1000K .......... .......... .......... .......... ..........  3%  791K 35s
  1050K .......... .......... .......... .......... ..........  3% 18.4M 33s
  1100K .......... .......... .......... .......... ..........  4%  787K 33s
  1150K .......... .......... .......... .......... ..........  4% 20.8M 32s
  1200K .......... .......... .......... .......... ..........  4%  785K 32s
  1250K .......... .......... .......... .......... ..........  4%  797K 32s
  1300K .......... .......... .......... .......... ..........  4% 14.3M 31s
  1350K .......... .......... .......... .......... ..........  5%  802K 31s
  1400K .......... .......... .......... .......... ..........  5% 16.7M 30s
  1450K .......... .......... .......... .......... ..........  5%  799K 30s
  1500K .......... .......... .......... .......... ..........  5% 23.1M 29s
  1550K .......... .......... .......... .......... ..........  5% 1.29M 28s
  1600K .......... .......... .......... .......... ..........  5% 1.81M 28s
  1650K .......... .......... .......... .......... ..........  6% 19.2M 27s
  1700K .......... .......... .......... .......... ..........  6%  790K 27s
  1750K .......... .......... .......... .......... ..........  6% 19.9M 26s
  1800K .......... .......... .......... .......... ..........  6%  808K 26s
  1850K .......... .......... .......... .......... ..........  6% 16.2M 26s
  1900K .......... .......... .......... .......... ..........  7%  822K 26s
  1950K .......... .......... .......... .......... ..........  7% 17.5M 25s
  2000K .......... .......... .......... .......... ..........  7% 16.0M 25s
  2050K .......... .......... .......... .......... ..........  7%  817K 25s
  2100K .......... .......... .......... .......... ..........  7% 20.3M 24s
  2150K .......... .......... .......... .......... ..........  7% 1.40M 24s
  2200K .......... .......... .......... .......... ..........  8% 1.70M 24s
  2250K .......... .......... .......... .......... ..........  8% 21.1M 23s
  2300K .......... .......... .......... .......... ..........  8%  835K 23s
  2350K .......... .......... .......... .......... ..........  8% 18.8M 23s
  2400K .......... .......... .......... .......... ..........  8% 16.4M 22s
  2450K .......... .......... .......... .......... ..........  9% 1.44M 22s
  2500K .......... .......... .......... .......... ..........  9% 1.71M 22s
  2550K .......... .......... .......... .......... ..........  9% 19.2M 21s
  2600K .......... .......... .......... .......... ..........  9% 19.3M 21s
  2650K .......... .......... .......... .......... ..........  9%  833K 21s
  2700K .......... .......... .......... .......... ..........  9% 19.3M 21s
  2750K .......... .......... .......... .......... .......... 10% 20.1M 20s
  2800K .......... .......... .......... .......... .......... 10%  838K 20s
  2850K .......... .......... .......... .......... .......... 10% 20.8M 20s
  2900K .......... .......... .......... .......... .......... 10% 21.6M 20s
  2950K .......... .......... .......... .......... .......... 10%  852K 20s
  3000K .......... .......... .......... .......... .......... 11% 14.7M 20s
  3050K .......... .......... .......... .......... .......... 11% 18.5M 19s
  3100K .......... .......... .......... .......... .......... 11% 21.7M 19s
  3150K .......... .......... .......... .......... .......... 11%  850K 19s
  3200K .......... .......... .......... .......... .......... 11% 22.1M 19s
  3250K .......... .......... .......... .......... .......... 11% 23.7M 18s
  3300K .......... .......... .......... .......... .......... 12% 21.8M 18s
  3350K .......... .......... .......... .......... .......... 12%  849K 18s
  3400K .......... .......... .......... .......... .......... 12% 20.9M 18s
  3450K .......... .......... .......... .......... .......... 12% 21.3M 18s
  3500K .......... .......... .......... .......... .......... 12% 1.52M 18s
  3550K .......... .......... .......... .......... .......... 12% 1.62M 17s
  3600K .......... .......... .......... .......... .......... 13% 21.6M 17s
  3650K .......... .......... .......... .......... .......... 13% 24.7M 17s
  3700K .......... .......... .......... .......... .......... 13% 23.4M 17s
  3750K .......... .......... .......... .......... .......... 13%  856K 17s
  3800K .......... .......... .......... .......... .......... 13% 20.7M 17s
  3850K .......... .......... .......... .......... .......... 14% 21.7M 16s
  3900K .......... .......... .......... .......... .......... 14% 23.6M 16s
  3950K .......... .......... .......... .......... .......... 14%  893K 16s
  4000K .......... .......... .......... .......... .......... 14% 12.2M 16s
  4050K .......... .......... .......... .......... .......... 14% 21.9M 16s
  4100K .......... .......... .......... .......... .......... 14% 25.5M 16s
  4150K .......... .......... .......... .......... .......... 15% 23.3M 15s
  4200K .......... .......... .......... .......... .......... 15%  892K 15s
  4250K .......... .......... .......... .......... .......... 15% 15.6M 15s
  4300K .......... .......... .......... .......... .......... 15% 20.1M 15s
  4350K .......... .......... .......... .......... .......... 15% 22.5M 15s
  4400K .......... .......... .......... .......... .......... 16%  905K 15s
  4450K .......... .......... .......... .......... .......... 16% 12.7M 15s
  4500K .......... .......... .......... .......... .......... 16% 25.1M 15s
  4550K .......... .......... .......... .......... .......... 16% 20.6M 14s
  4600K .......... .......... .......... .......... .......... 16% 23.2M 14s
  4650K .......... .......... .......... .......... .......... 16%  917K 14s
  4700K .......... .......... .......... .......... .......... 17% 12.5M 14s
  4750K .......... .......... .......... .......... .......... 17% 21.3M 14s
  4800K .......... .......... .......... .......... .......... 17% 20.7M 14s
  4850K .......... .......... .......... .......... .......... 17% 23.4M 14s
  4900K .......... .......... .......... .......... .......... 17% 24.5M 14s
  4950K .......... .......... .......... .......... .......... 18%  889K 14s
  5000K .......... .......... .......... .......... .......... 18% 22.0M 13s
  5050K .......... .......... .......... .......... .......... 18% 21.2M 13s
  5100K .......... .......... .......... .......... .......... 18% 21.8M 13s
  5150K .......... .......... .......... .......... .......... 18% 23.5M 13s
  5200K .......... .......... .......... .......... .......... 18%  901K 13s
  5250K .......... .......... .......... .......... .......... 19% 21.6M 13s
  5300K .......... .......... .......... .......... .......... 19% 21.1M 13s
  5350K .......... .......... .......... .......... .......... 19% 23.6M 13s
  5400K .......... .......... .......... .......... .......... 19% 23.6M 13s
  5450K .......... .......... .......... .......... .......... 19% 23.5M 12s
  5500K .......... .......... .......... .......... .......... 20%  914K 13s
  5550K .......... .......... .......... .......... .......... 20% 21.6M 12s
  5600K .......... .......... .......... .......... .......... 20% 21.5M 12s
  5650K .......... .......... .......... .......... .......... 20% 21.2M 12s
  5700K .......... .......... .......... .......... .......... 20% 23.6M 12s
  5750K .......... .......... .......... .......... .......... 20% 24.5M 12s
  5800K .......... .......... .......... .......... .......... 21%  940K 12s
  5850K .......... .......... .......... .......... .......... 21% 16.4M 12s
  5900K .......... .......... .......... .......... .......... 21% 21.3M 12s
  5950K .......... .......... .......... .......... .......... 21% 21.8M 12s
  6000K .......... .......... .......... .......... .......... 21% 22.5M 11s
  6050K .......... .......... .......... .......... .......... 22% 23.6M 11s
  6100K .......... .......... .......... .......... .......... 22% 1.97M 11s
  6150K .......... .......... .......... .......... .......... 22% 1.55M 11s
  6200K .......... .......... .......... .......... .......... 22% 24.8M 11s
  6250K .......... .......... .......... .......... .......... 22% 21.8M 11s
  6300K .......... .......... .......... .......... .......... 22% 21.1M 11s
  6350K .......... .......... .......... .......... .......... 23% 23.9M 11s
  6400K .......... .......... .......... .......... .......... 23% 23.6M 11s
  6450K .......... .......... .......... .......... .......... 23%  942K 11s
  6500K .......... .......... .......... .......... .......... 23% 21.0M 11s
  6550K .......... .......... .......... .......... .......... 23% 21.9M 11s
  6600K .......... .......... .......... .......... .......... 24% 22.1M 11s
  6650K .......... .......... .......... .......... .......... 24% 23.9M 10s
  6700K .......... .......... .......... .......... .......... 24% 23.7M 10s
  6750K .......... .......... .......... .......... .......... 24% 23.5M 10s
  6800K .......... .......... .......... .......... .......... 24%  991K 10s
  6850K .......... .......... .......... .......... .......... 24% 13.0M 10s
  6900K .......... .......... .......... .......... .......... 25% 21.3M 10s
  6950K .......... .......... .......... .......... .......... 25% 21.5M 10s
  7000K .......... .......... .......... .......... .......... 25% 20.6M 10s
  7050K .......... .......... .......... .......... .......... 25% 27.4M 10s
  7100K .......... .......... .......... .......... .......... 25% 24.2M 10s
  7150K .......... .......... .......... .......... .......... 25% 2.24M 10s
  7200K .......... .......... .......... .......... .......... 26% 1.55M 10s
  7250K .......... .......... .......... .......... .......... 26% 21.4M 10s
  7300K .......... .......... .......... .......... .......... 26% 21.5M 10s
  7350K .......... .......... .......... .......... .......... 26% 21.8M 10s
  7400K .......... .......... .......... .......... .......... 26% 21.7M 9s
  7450K .......... .......... .......... .......... .......... 27% 24.6M 9s
  7500K .......... .......... .......... .......... .......... 27% 27.1M 9s
  7550K .......... .......... .......... .......... .......... 27% 2.31M 9s
  7600K .......... .......... .......... .......... .......... 27% 1.55M 9s
  7650K .......... .......... .......... .......... .......... 27% 20.1M 9s
  7700K .......... .......... .......... .......... .......... 27% 21.4M 9s
  7750K .......... .......... .......... .......... .......... 28% 20.7M 9s
  7800K .......... .......... .......... .......... .......... 28% 21.3M 9s
  7850K .......... .......... .......... .......... .......... 28% 23.7M 9s
  7900K .......... .......... .......... .......... .......... 28% 26.8M 9s
  7950K .......... .......... .......... .......... .......... 28% 1.00M 9s
  8000K .......... .......... .......... .......... .......... 29% 17.6M 9s
  8050K .......... .......... .......... .......... .......... 29% 19.0M 9s
  8100K .......... .......... .......... .......... .......... 29% 21.5M 9s
  8150K .......... .......... .......... .......... .......... 29% 20.6M 9s
  8200K .......... .......... .......... .......... .......... 29% 20.9M 8s
  8250K .......... .......... .......... .......... .......... 29% 23.8M 8s
  8300K .......... .......... .......... .......... .......... 30% 24.4M 8s
  8350K .......... .......... .......... .......... .......... 30% 27.3M 8s
  8400K .......... .......... .......... .......... .......... 30% 1.03M 8s
  8450K .......... .......... .......... .......... .......... 30% 13.3M 8s
  8500K .......... .......... .......... .......... .......... 30% 20.0M 8s
  8550K .......... .......... .......... .......... .......... 31% 21.6M 8s
  8600K .......... .......... .......... .......... .......... 31% 21.6M 8s
  8650K .......... .......... .......... .......... .......... 31% 22.0M 8s
  8700K .......... .......... .......... .......... .......... 31% 23.6M 8s
  8750K .......... .......... .......... .......... .......... 31% 27.4M 8s
  8800K .......... .......... .......... .......... .......... 31% 23.9M 8s
  8850K .......... .......... .......... .......... .......... 32% 1.04M 8s
  8900K .......... .......... .......... .......... .......... 32% 16.3M 8s
  8950K .......... .......... .......... .......... .......... 32% 18.1M 8s
  9000K .......... .......... .......... .......... .......... 32% 21.8M 8s
  9050K .......... .......... .......... .......... .......... 32% 21.3M 8s
  9100K .......... .......... .......... .......... .......... 33% 21.6M 8s
  9150K .......... .......... .......... .......... .......... 33% 24.6M 8s
  9200K .......... .......... .......... .......... .......... 33% 26.9M 7s
  9250K .......... .......... .......... .......... .......... 33% 23.8M 7s
  9300K .......... .......... .......... .......... .......... 33% 23.9M 7s
  9350K .......... .......... .......... .......... .......... 33% 1.06M 7s
  9400K .......... .......... .......... .......... .......... 34% 17.8M 7s
  9450K .......... .......... .......... .......... .......... 34% 19.3M 7s
  9500K .......... .......... .......... .......... .......... 34% 21.1M 7s
  9550K .......... .......... .......... .......... .......... 34% 21.0M 7s
  9600K .......... .......... .......... .......... .......... 34% 25.3M 7s
  9650K .......... .......... .......... .......... .......... 35% 23.7M 7s
  9700K .......... .......... .......... .......... .......... 35% 23.5M 7s
  9750K .......... .......... .......... .......... .......... 35% 23.8M 7s
  9800K .......... .......... .......... .......... .......... 35% 1.08M 7s
  9850K .......... .......... .......... .......... .......... 35% 20.0M 7s
  9900K .......... .......... .......... .......... .......... 35% 18.8M 7s
  9950K .......... .......... .......... .......... .......... 36% 20.6M 7s
 10000K .......... .......... .......... .......... .......... 36% 21.7M 7s
 10050K .......... .......... .......... .......... .......... 36% 24.2M 7s
 10100K .......... .......... .......... .......... .......... 36% 21.8M 7s
 10150K .......... .......... .......... .......... .......... 36% 23.5M 7s
 10200K .......... .......... .......... .......... .......... 36% 23.7M 7s
 10250K .......... .......... .......... .......... .......... 37% 23.4M 7s
 10300K .......... .......... .......... .......... .......... 37% 23.7M 6s
 10350K .......... .......... .......... .......... .......... 37% 1.11M 7s
 10400K .......... .......... .......... .......... .......... 37% 20.8M 6s
 10450K .......... .......... .......... .......... .......... 37% 19.6M 6s
 10500K .......... .......... .......... .......... .......... 38% 21.3M 6s
 10550K .......... .......... .......... .......... .......... 38% 21.1M 6s
 10600K .......... .......... .......... .......... .......... 38% 20.8M 6s
 10650K .......... .......... .......... .......... .......... 38% 22.4M 6s
 10700K .......... .......... .......... .......... .......... 38% 23.5M 6s
 10750K .......... .......... .......... .......... .......... 38% 23.3M 6s
 10800K .......... .......... .......... .......... .......... 39% 23.5M 6s
 10850K .......... .......... .......... .......... .......... 39% 24.4M 6s
 10900K .......... .......... .......... .......... .......... 39% 1.14M 6s
 10950K .......... .......... .......... .......... .......... 39% 19.7M 6s
 11000K .......... .......... .......... .......... .......... 39% 17.2M 6s
 11050K .......... .......... .......... .......... .......... 40% 21.3M 6s
 11100K .......... .......... .......... .......... .......... 40% 20.6M 6s
 11150K .......... .......... .......... .......... .......... 40% 21.0M 6s
 11200K .......... .......... .......... .......... .......... 40% 23.9M 6s
 11250K .......... .......... .......... .......... .......... 40% 26.1M 6s
 11300K .......... .......... .......... .......... .......... 40% 26.4M 6s
 11350K .......... .......... .......... .......... .......... 41% 23.2M 6s
 11400K .......... .......... .......... .......... .......... 41% 26.1M 6s
 11450K .......... .......... .......... .......... .......... 41% 1.16M 6s
 11500K .......... .......... .......... .......... .......... 41% 17.6M 6s
 11550K .......... .......... .......... .......... .......... 41% 21.7M 6s
 11600K .......... .......... .......... .......... .......... 42% 23.9M 6s
 11650K .......... .......... .......... .......... .......... 42% 23.6M 6s
 11700K .......... .......... .......... .......... .......... 42% 23.3M 6s
 11750K .......... .......... .......... .......... .......... 42% 20.0M 5s
 11800K .......... .......... .......... .......... .......... 42% 24.3M 5s
 11850K .......... .......... .......... .......... .......... 42% 26.0M 5s
 11900K .......... .......... .......... .......... .......... 43% 26.0M 5s
 11950K .......... .......... .......... .......... .......... 43% 22.9M 5s
 12000K .......... .......... .......... .......... .......... 43% 25.8M 5s
 12050K .......... .......... .......... .......... .......... 43% 1.19M 5s
 12100K .......... .......... .......... .......... .......... 43% 13.2M 5s
 12150K .......... .......... .......... .......... .......... 44% 20.7M 5s
 12200K .......... .......... .......... .......... .......... 44% 25.0M 5s
 12250K .......... .......... .......... .......... .......... 44% 23.1M 5s
 12300K .......... .......... .......... .......... .......... 44% 22.5M 5s
 12350K .......... .......... .......... .......... .......... 44% 20.6M 5s
 12400K .......... .......... .......... .......... .......... 44% 23.9M 5s
 12450K .......... .......... .......... .......... .......... 45% 25.7M 5s
 12500K .......... .......... .......... .......... .......... 45% 25.6M 5s
 12550K .......... .......... .......... .......... .......... 45% 22.5M 5s
 12600K .......... .......... .......... .......... .......... 45% 25.7M 5s
 12650K .......... .......... .......... .......... .......... 45% 25.8M 5s
 12700K .......... .......... .......... .......... .......... 46% 1.22M 5s
 12750K .......... .......... .......... .......... .......... 46% 15.8M 5s
 12800K .......... .......... .......... .......... .......... 46% 23.7M 5s
 12850K .......... .......... .......... .......... .......... 46% 23.1M 5s
 12900K .......... .......... .......... .......... .......... 46% 23.3M 5s
 12950K .......... .......... .......... .......... .......... 46% 19.5M 5s
 13000K .......... .......... .......... .......... .......... 47% 23.4M 5s
 13050K .......... .......... .......... .......... .......... 47% 24.3M 5s
 13100K .......... .......... .......... .......... .......... 47% 26.0M 5s
 13150K .......... .......... .......... .......... .......... 47% 22.7M 5s
 13200K .......... .......... .......... .......... .......... 47% 25.9M 5s
 13250K .......... .......... .......... .......... .......... 48% 26.0M 5s
 13300K .......... .......... .......... .......... .......... 48% 25.7M 5s
 13350K .......... .......... .......... .......... .......... 48% 1.24M 5s
 13400K .......... .......... .......... .......... .......... 48% 21.3M 4s
 13450K .......... .......... .......... .......... .......... 48% 22.4M 4s
 13500K .......... .......... .......... .......... .......... 48% 24.2M 4s
 13550K .......... .......... .......... .......... .......... 49% 20.7M 4s
 13600K .......... .......... .......... .......... .......... 49% 23.6M 4s
 13650K .......... .......... .......... .......... .......... 49% 22.5M 4s
 13700K .......... .......... .......... .......... .......... 49% 23.7M 4s
 13750K .......... .......... .......... .......... .......... 49% 22.5M 4s
 13800K .......... .......... .......... .......... .......... 49% 26.1M 4s
 13850K .......... .......... .......... .......... .......... 50% 26.0M 4s
 13900K .......... .......... .......... .......... .......... 50% 26.1M 4s
 13950K .......... .......... .......... .......... .......... 50% 22.8M 4s
 14000K .......... .......... .......... .......... .......... 50% 26.0M 4s
 14050K .......... .......... .......... .......... .......... 50% 1.27M 4s
 14100K .......... .......... .......... .......... .......... 51% 24.3M 4s
 14150K .......... .......... .......... .......... .......... 51% 17.6M 4s
 14200K .......... .......... .......... .......... .......... 51% 24.5M 4s
 14250K .......... .......... .......... .......... .......... 51% 23.6M 4s
 14300K .......... .......... .......... .......... .......... 51% 23.4M 4s
 14350K .......... .......... .......... .......... .......... 51% 19.7M 4s
 14400K .......... .......... .......... .......... .......... 52% 24.1M 4s
 14450K .......... .......... .......... .......... .......... 52% 25.6M 4s
 14500K .......... .......... .......... .......... .......... 52% 26.3M 4s
 14550K .......... .......... .......... .......... .......... 52% 22.7M 4s
 14600K .......... .......... .......... .......... .......... 52% 26.2M 4s
 14650K .......... .......... .......... .......... .......... 53% 26.1M 4s
 14700K .......... .......... .......... .......... .......... 53% 26.2M 4s
 14750K .......... .......... .......... .......... .......... 53% 5.84M 4s
 14800K .......... .......... .......... .......... .......... 53% 1.61M 4s
 14850K .......... .......... .......... .......... .......... 53% 24.0M 4s
 14900K .......... .......... .......... .......... .......... 53% 18.7M 4s
 14950K .......... .......... .......... .......... .......... 54% 21.0M 4s
 15000K .......... .......... .......... .......... .......... 54% 23.4M 4s
 15050K .......... .......... .......... .......... .......... 54% 23.6M 4s
 15100K .......... .......... .......... .......... .......... 54% 22.2M 4s
 15150K .......... .......... .......... .......... .......... 54% 21.0M 4s
 15200K .......... .......... .......... .......... .......... 55% 25.3M 4s
 15250K .......... .......... .......... .......... .......... 55% 26.0M 4s
 15300K .......... .......... .......... .......... .......... 55% 26.0M 4s
 15350K .......... .......... .......... .......... .......... 55% 22.3M 4s
 15400K .......... .......... .......... .......... .......... 55% 25.9M 3s
 15450K .......... .......... .......... .......... .......... 55% 25.8M 3s
 15500K .......... .......... .......... .......... .......... 56% 26.1M 3s
 15550K .......... .......... .......... .......... .......... 56% 1.38M 3s
 15600K .......... .......... .......... .......... .......... 56% 22.1M 3s
 15650K .......... .......... .......... .......... .......... 56% 23.0M 3s
 15700K .......... .......... .......... .......... .......... 56% 21.9M 3s
 15750K .......... .......... .......... .......... .......... 57% 19.9M 3s
 15800K .......... .......... .......... .......... .......... 57% 23.4M 3s
 15850K .......... .......... .......... .......... .......... 57% 22.5M 3s
 15900K .......... .......... .......... .......... .......... 57% 22.4M 3s
 15950K .......... .......... .......... .......... .......... 57% 21.1M 3s
 16000K .......... .......... .......... .......... .......... 57% 25.7M 3s
 16050K .......... .......... .......... .......... .......... 58% 25.9M 3s
 16100K .......... .......... .......... .......... .......... 58% 25.8M 3s
 16150K .......... .......... .......... .......... .......... 58% 22.7M 3s
 16200K .......... .......... .......... .......... .......... 58% 26.0M 3s
 16250K .......... .......... .......... .......... .......... 58% 25.8M 3s
 16300K .......... .......... .......... .......... .......... 59% 25.8M 3s
 16350K .......... .......... .......... .......... .......... 59% 1.44M 3s
 16400K .......... .......... .......... .......... .......... 59% 24.0M 3s
 16450K .......... .......... .......... .......... .......... 59% 24.1M 3s
 16500K .......... .......... .......... .......... .......... 59% 24.1M 3s
 16550K .......... .......... .......... .......... .......... 59% 20.4M 3s
 16600K .......... .......... .......... .......... .......... 60% 23.3M 3s
 16650K .......... .......... .......... .......... .......... 60% 23.3M 3s
 16700K .......... .......... .......... .......... .......... 60% 23.0M 3s
 16750K .......... .......... .......... .......... .......... 60% 20.3M 3s
 16800K .......... .......... .......... .......... .......... 60% 24.9M 3s
 16850K .......... .......... .......... .......... .......... 60% 26.1M 3s
 16900K .......... .......... .......... .......... .......... 61% 26.0M 3s
 16950K .......... .......... .......... .......... .......... 61% 22.8M 3s
 17000K .......... .......... .......... .......... .......... 61% 26.0M 3s
 17050K .......... .......... .......... .......... .......... 61% 26.0M 3s
 17100K .......... .......... .......... .......... .......... 61% 26.2M 3s
 17150K .......... .......... .......... .......... .......... 62% 22.8M 3s
 17200K .......... .......... .......... .......... .......... 62% 1.48M 3s
 17250K .......... .......... .......... .......... .......... 62% 24.1M 3s
 17300K .......... .......... .......... .......... .......... 62% 24.6M 3s
 17350K .......... .......... .......... .......... .......... 62% 21.1M 3s
 17400K .......... .......... .......... .......... .......... 62% 23.1M 3s
 17450K .......... .......... .......... .......... .......... 63% 23.4M 3s
 17500K .......... .......... .......... .......... .......... 63% 24.3M 3s
 17550K .......... .......... .......... .......... .......... 63% 19.5M 3s
 17600K .......... .......... .......... .......... .......... 63% 23.2M 3s
 17650K .......... .......... .......... .......... .......... 63% 25.1M 3s
 17700K .......... .......... .......... .......... .......... 64% 25.8M 3s
 17750K .......... .......... .......... .......... .......... 64% 22.6M 3s
 17800K .......... .......... .......... .......... .......... 64% 25.7M 3s
 17850K .......... .......... .......... .......... .......... 64% 25.9M 3s
 17900K .......... .......... .......... .......... .......... 64% 25.8M 2s
 17950K .......... .......... .......... .......... .......... 64% 22.6M 2s
 18000K .......... .......... .......... .......... .......... 65% 25.7M 2s
 18050K .......... .......... .......... .......... .......... 65% 23.7M 2s
 18100K .......... .......... .......... .......... .......... 65% 1.61M 2s
 18150K .......... .......... .......... .......... .......... 65% 20.5M 2s
 18200K .......... .......... .......... .......... .......... 65% 23.8M 2s
 18250K .......... .......... .......... .......... .......... 66% 23.6M 2s
 18300K .......... .......... .......... .......... .......... 66% 22.8M 2s
 18350K .......... .......... .......... .......... .......... 66% 20.2M 2s
 18400K .......... .......... .......... .......... .......... 66% 23.6M 2s
 18450K .......... .......... .......... .......... .......... 66% 21.9M 2s
 18500K .......... .......... .......... .......... .......... 66% 23.1M 2s
 18550K .......... .......... .......... .......... .......... 67% 21.6M 2s
 18600K .......... .......... .......... .......... .......... 67% 25.8M 2s
 18650K .......... .......... .......... .......... .......... 67% 25.7M 2s
 18700K .......... .......... .......... .......... .......... 67% 25.7M 2s
 18750K .......... .......... .......... .......... .......... 67% 22.7M 2s
 18800K .......... .......... .......... .......... .......... 68% 25.8M 2s
 18850K .......... .......... .......... .......... .......... 68% 26.1M 2s
 18900K .......... .......... .......... .......... .......... 68% 26.0M 2s
 18950K .......... .......... .......... .......... .......... 68% 21.7M 2s
 19000K .......... .......... .......... .......... .......... 68% 1.78M 2s
 19050K .......... .......... .......... .......... .......... 68% 14.9M 2s
 19100K .......... .......... .......... .......... .......... 69% 23.5M 2s
 19150K .......... .......... .......... .......... .......... 69% 21.1M 2s
 19200K .......... .......... .......... .......... .......... 69% 23.7M 2s
 19250K .......... .......... .......... .......... .......... 69% 23.6M 2s
 19300K .......... .......... .......... .......... .......... 69% 23.2M 2s
 19350K .......... .......... .......... .......... .......... 70% 20.6M 2s
 19400K .......... .......... .......... .......... .......... 70% 22.1M 2s
 19450K .......... .......... .......... .......... .......... 70% 22.7M 2s
 19500K .......... .......... .......... .......... .......... 70% 26.0M 2s
 19550K .......... .......... .......... .......... .......... 70% 22.8M 2s
 19600K .......... .......... .......... .......... .......... 70% 26.2M 2s
 19650K .......... .......... .......... .......... .......... 71% 26.2M 2s
 19700K .......... .......... .......... .......... .......... 71% 25.8M 2s
 19750K .......... .......... .......... .......... .......... 71% 22.6M 2s
 19800K .......... .......... .......... .......... .......... 71% 25.8M 2s
 19850K .......... .......... .......... .......... .......... 71% 25.9M 2s
 19900K .......... .......... .......... .......... .......... 72% 24.4M 2s
 19950K .......... .......... .......... .......... .......... 72% 22.6M 2s
 20000K .......... .......... .......... .......... .......... 72% 1.77M 2s
 20050K .......... .......... .......... .......... .......... 72% 23.3M 2s
 20100K .......... .......... .......... .......... .......... 72% 23.8M 2s
 20150K .......... .......... .......... .......... .......... 72% 21.4M 2s
 20200K .......... .......... .......... .......... .......... 73% 23.0M 2s
 20250K .......... .......... .......... .......... .......... 73% 23.4M 2s
 20300K .......... .......... .......... .......... .......... 73% 24.2M 2s
 20350K .......... .......... .......... .......... .......... 73% 19.7M 2s
 20400K .......... .......... .......... .......... .......... 73% 22.3M 2s
 20450K .......... .......... .......... .......... .......... 73% 23.9M 2s
 20500K .......... .......... .......... .......... .......... 74% 25.5M 2s
 20550K .......... .......... .......... .......... .......... 74% 22.3M 2s
 20600K .......... .......... .......... .......... .......... 74% 25.8M 2s
 20650K .......... .......... .......... .......... .......... 74% 25.7M 2s
 20700K .......... .......... .......... .......... .......... 74% 25.7M 2s
 20750K .......... .......... .......... .......... .......... 75% 22.6M 2s
 20800K .......... .......... .......... .......... .......... 75% 25.8M 2s
 20850K .......... .......... .......... .......... .......... 75% 24.0M 2s
 20900K .......... .......... .......... .......... .......... 75% 25.8M 2s
 20950K .......... .......... .......... .......... .......... 75% 22.4M 2s
 21000K .......... .......... .......... .......... .......... 75% 2.12M 2s
 21050K .......... .......... .......... .......... .......... 76% 15.0M 2s
 21100K .......... .......... .......... .......... .......... 76% 23.5M 1s
 21150K .......... .......... .......... .......... .......... 76% 21.1M 1s
 21200K .......... .......... .......... .......... .......... 76% 24.2M 1s
 21250K .......... .......... .......... .......... .......... 76% 23.1M 1s
 21300K .......... .......... .......... .......... .......... 77% 23.4M 1s
 21350K .......... .......... .......... .......... .......... 77% 21.1M 1s
 21400K .......... .......... .......... .......... .......... 77% 22.1M 1s
 21450K .......... .......... .......... .......... .......... 77% 22.2M 1s
 21500K .......... .......... .......... .......... .......... 77% 24.1M 1s
 21550K .......... .......... .......... .......... .......... 77% 22.7M 1s
 21600K .......... .......... .......... .......... .......... 78% 25.8M 1s
 21650K .......... .......... .......... .......... .......... 78% 25.7M 1s
 21700K .......... .......... .......... .......... .......... 78% 25.8M 1s
 21750K .......... .......... .......... .......... .......... 78% 22.4M 1s
 21800K .......... .......... .......... .......... .......... 78% 25.8M 1s
 21850K .......... .......... .......... .......... .......... 79% 25.7M 1s
 21900K .......... .......... .......... .......... .......... 79% 23.9M 1s
 21950K .......... .......... .......... .......... .......... 79% 22.6M 1s
 22000K .......... .......... .......... .......... .......... 79% 25.6M 1s
 22050K .......... .......... .......... .......... .......... 79% 25.8M 1s
 22100K .......... .......... .......... .......... .......... 79% 2.12M 1s
 22150K .......... .......... .......... .......... .......... 80% 21.4M 1s
 22200K .......... .......... .......... .......... .......... 80% 23.5M 1s
 22250K .......... .......... .......... .......... .......... 80% 24.2M 1s
 22300K .......... .......... .......... .......... .......... 80% 24.4M 1s
 22350K .......... .......... .......... .......... .......... 80% 20.4M 1s
 22400K .......... .......... .......... .......... .......... 81% 24.5M 1s
 22450K .......... .......... .......... .......... .......... 81% 23.6M 1s
 22500K .......... .......... .......... .......... .......... 81% 22.5M 1s
 22550K .......... .......... .......... .......... .......... 81% 19.3M 1s
 22600K .......... .......... .......... .......... .......... 81% 24.5M 1s
 22650K .......... .......... .......... .......... .......... 81% 25.6M 1s
 22700K .......... .......... .......... .......... .......... 82% 25.8M 1s
 22750K .......... .......... .......... .......... .......... 82% 22.3M 1s
 22800K .......... .......... .......... .......... .......... 82% 25.9M 1s
 22850K .......... .......... .......... .......... .......... 82% 25.9M 1s
 22900K .......... .......... .......... .......... .......... 82% 25.8M 1s
 22950K .......... .......... .......... .......... .......... 83% 21.6M 1s
 23000K .......... .......... .......... .......... .......... 83% 24.7M 1s
 23050K .......... .......... .......... .......... .......... 83% 25.9M 1s
 23100K .......... .......... .......... .......... .......... 83% 25.9M 1s
 23150K .......... .......... .......... .......... .......... 83% 22.6M 1s
 23200K .......... .......... .......... .......... .......... 83% 2.42M 1s
 23250K .......... .......... .......... .......... .......... 84% 22.1M 1s
 23300K .......... .......... .......... .......... .......... 84% 20.0M 1s
 23350K .......... .......... .......... .......... .......... 84% 20.7M 1s
 23400K .......... .......... .......... .......... .......... 84% 24.1M 1s
 23450K .......... .......... .......... .......... .......... 84% 23.5M 1s
 23500K .......... .......... .......... .......... .......... 84% 23.0M 1s
 23550K .......... .......... .......... .......... .......... 85% 21.2M 1s
 23600K .......... .......... .......... .......... .......... 85% 23.7M 1s
 23650K .......... .......... .......... .......... .......... 85% 22.1M 1s
 23700K .......... .......... .......... .......... .......... 85% 22.3M 1s
 23750K .......... .......... .......... .......... .......... 85% 21.8M 1s
 23800K .......... .......... .......... .......... .......... 86% 25.9M 1s
 23850K .......... .......... .......... .......... .......... 86% 25.9M 1s
 23900K .......... .......... .......... .......... .......... 86% 25.9M 1s
 23950K .......... .......... .......... .......... .......... 86% 23.0M 1s
 24000K .......... .......... .......... .......... .......... 86% 26.1M 1s
 24050K .......... .......... .......... .......... .......... 86% 26.0M 1s
 24100K .......... .......... .......... .......... .......... 87% 24.5M 1s
 24150K .......... .......... .......... .......... .......... 87% 21.9M 1s
 24200K .......... .......... .......... .......... .......... 87% 25.9M 1s
 24250K .......... .......... .......... .......... .......... 87% 26.0M 1s
 24300K .......... .......... .......... .......... .......... 87% 25.8M 1s
 24350K .......... .......... .......... .......... .......... 88% 22.7M 1s
 24400K .......... .......... .......... .......... .......... 88% 2.77M 1s
 24450K .......... .......... .......... .......... .......... 88% 19.1M 1s
 24500K .......... .......... .......... .......... .......... 88% 19.7M 1s
 24550K .......... .......... .......... .......... .......... 88% 21.0M 1s
 24600K .......... .......... .......... .......... .......... 88% 23.2M 1s
 24650K .......... .......... .......... .......... .......... 89% 23.6M 1s
 24700K .......... .......... .......... .......... .......... 89% 23.2M 1s
 24750K .......... .......... .......... .......... .......... 89% 20.7M 1s
 24800K .......... .......... .......... .......... .......... 89% 23.3M 1s
 24850K .......... .......... .......... .......... .......... 89% 22.2M 1s
 24900K .......... .......... .......... .......... .......... 90% 22.5M 1s
 24950K .......... .......... .......... .......... .......... 90% 21.4M 1s
 25000K .......... .......... .......... .......... .......... 90% 26.0M 1s
 25050K .......... .......... .......... .......... .......... 90% 25.9M 1s
 25100K .......... .......... .......... .......... .......... 90% 26.0M 1s
 25150K .......... .......... .......... .......... .......... 90% 22.6M 1s
 25200K .......... .......... .......... .......... .......... 91% 25.8M 0s
 25250K .......... .......... .......... .......... .......... 91% 24.7M 0s
 25300K .......... .......... .......... .......... .......... 91% 24.6M 0s
 25350K .......... .......... .......... .......... .......... 91% 22.5M 0s
 25400K .......... .......... .......... .......... .......... 91% 25.9M 0s
 25450K .......... .......... .......... .......... .......... 92% 25.9M 0s
 25500K .......... .......... .......... .......... .......... 92% 25.8M 0s
 25550K .......... .......... .......... .......... .......... 92% 22.5M 0s
 25600K .......... .......... .......... .......... .......... 92% 26.0M 0s
 25650K .......... .......... .......... .......... .......... 92% 3.03M 0s
 25700K .......... .......... .......... .......... .......... 92% 24.4M 0s
 25750K .......... .......... .......... .......... .......... 93% 20.8M 0s
 25800K .......... .......... .......... .......... .......... 93% 24.0M 0s
 25850K .......... .......... .......... .......... .......... 93% 23.6M 0s
 25900K .......... .......... .......... .......... .......... 93% 24.3M 0s
 25950K .......... .......... .......... .......... .......... 93% 20.3M 0s
 26000K .......... .......... .......... .......... .......... 94% 24.0M 0s
 26050K .......... .......... .......... .......... .......... 94% 23.0M 0s
 26100K .......... .......... .......... .......... .......... 94% 22.2M 0s
 26150K .......... .......... .......... .......... .......... 94% 19.5M 0s
 26200K .......... .......... .......... .......... .......... 94% 23.7M 0s
 26250K .......... .......... .......... .......... .......... 94% 25.9M 0s
 26300K .......... .......... .......... .......... .......... 95% 25.9M 0s
 26350K .......... .......... .......... .......... .......... 95% 22.6M 0s
 26400K .......... .......... .......... .......... .......... 95% 25.9M 0s
 26450K .......... .......... .......... .......... .......... 95% 25.8M 0s
 26500K .......... .......... .......... .......... .......... 95% 24.7M 0s
 26550K .......... .......... .......... .......... .......... 96% 21.9M 0s
 26600K .......... .......... .......... .......... .......... 96% 25.7M 0s
 26650K .......... .......... .......... .......... .......... 96% 25.9M 0s
 26700K .......... .......... .......... .......... .......... 96% 25.8M 0s
 26750K .......... .......... .......... .......... .......... 96% 22.7M 0s
 26800K .......... .......... .......... .......... .......... 96% 25.9M 0s
 26850K .......... .......... .......... .......... .......... 97% 25.8M 0s
 26900K .......... .......... .......... .......... .......... 97% 25.9M 0s
 26950K .......... .......... .......... .......... .......... 97% 3.44M 0s
 27000K .......... .......... .......... .......... .......... 97% 24.3M 0s
 27050K .......... .......... .......... .......... .......... 97% 23.8M 0s
 27100K .......... .......... .......... .......... .......... 97% 24.1M 0s
 27150K .......... .......... .......... .......... .......... 98% 20.9M 0s
 27200K .......... .......... .......... .......... .......... 98% 24.0M 0s
 27250K .......... .......... .......... .......... .......... 98% 23.4M 0s
 27300K .......... .......... .......... .......... .......... 98% 23.8M 0s
 27350K .......... .......... .......... .......... .......... 98% 20.8M 0s
 27400K .......... .......... .......... .......... .......... 99% 25.2M 0s
 27450K .......... .......... .......... .......... .......... 99% 26.2M 0s
 27500K .......... .......... .......... .......... .......... 99% 26.1M 0s
 27550K .......... .......... .......... .......... .......... 99% 22.9M 0s
 27600K .......... .......... .......... .......... .......... 99% 26.1M 0s
 27650K .......... .......... .......... .......... .......... 99% 26.1M 0s
 27700K ......                                                100% 15.4M=5.2s

2021-10-29 14:44:14 (5.22 MB/s) - ‘gg-13-8-99-515-806-nb-classifier.qza’ saved [28371469/28371469]

Saved FeatureData[Taxonomy] to: taxonomy.qza
Saved Visualization to: taxonomy.qzv
Saved Visualization to: taxa-bar-plots.qzv
Saved FeatureTable[Frequency] to: gut-table.qza
Saved FeatureTable[Composition] to: comp-gut-table.qza
Saved Visualization to: ancom-Subject.qzv
Saved FeatureTable[Frequency] to: gut-table-l6.qza
Saved FeatureTable[Composition] to: comp-gut-table-l6.qza
Saved Visualization to: l6-ancom-Subject.qzv
